# JRE version: Java(TM) SE Runtime Environment (8.0_112-b15) (build 1.8.0_112-b15)
# Java VM: Java HotSpot(TM) Client VM (25.112-b15 mixed mode, sharing windows-x86 )
Heap:
 def new generation   total 4928K, used 3055K [0x04400000, 0x04950000, 0x09950000)
  eden space 4416K,  68% used [0x04400000, 0x046f4380, 0x04850000)
  from space 512K,   5% used [0x048d0000, 0x048d7a98, 0x04950000)
  to   space 512K,   0% used [0x04850000, 0x04850000, 0x048d0000)
 tenured generation   total 10944K, used 6338K [0x09950000, 0x0a400000, 0x14400000)
   the space 10944K,  57% used [0x09950000, 0x09f80ae0, 0x09f80c00, 0x0a400000)
 Metaspace       used 6007K, capacity 6228K, committed 6272K, reserved 6528K
GC Heap History (10 events):
Event: 3.484 GC heap before
{Heap before GC invocations=10 (full 0):
 def new generation   total 4928K, used 4928K [0x04400000, 0x04950000, 0x09950000)
  eden space 4416K, 100% used [0x04400000, 0x04850000, 0x04850000)
  from space 512K, 100% used [0x04850000, 0x048d0000, 0x048d0000)
  to   space 512K,   0% used [0x048d0000, 0x048d0000, 0x04950000)
 tenured generation   total 10944K, used 5729K [0x09950000, 0x0a400000, 0x14400000)
   the space 10944K,  52% used [0x09950000, 0x09ee8658, 0x09ee8800, 0x0a400000)
 Metaspace       used 5614K, capacity 5821K, committed 5888K, reserved 6528K
Event: 3.485 GC heap after
Heap after GC invocations=11 (full 0):
 def new generation   total 4928K, used 512K [0x04400000, 0x04950000, 0x09950000)
  eden space 4416K,   0% used [0x04400000, 0x04400000, 0x04850000)
  from space 512K, 100% used [0x048d0000, 0x04950000, 0x04950000)
  to   space 512K,   0% used [0x04850000, 0x04850000, 0x048d0000)
 tenured generation   total 10944K, used 6091K [0x09950000, 0x0a400000, 0x14400000)
   the space 10944K,  55% used [0x09950000, 0x09f42f08, 0x09f43000, 0x0a400000)
 Metaspace       used 5614K, capacity 5821K, committed 5888K, reserved 6528K
}
Event: 12.971 GC heap before
{Heap before GC invocations=11 (full 0):
 def new generation   total 4928K, used 4928K [0x04400000, 0x04950000, 0x09950000)
  eden space 4416K, 100% used [0x04400000, 0x04850000, 0x04850000)
  from space 512K, 100% used [0x048d0000, 0x04950000, 0x04950000)
  to   space 512K,   0% used [0x04850000, 0x04850000, 0x048d0000)
 tenured generation   total 10944K, used 6091K [0x09950000, 0x0a400000, 0x14400000)
   the space 10944K,  55% used [0x09950000, 0x09f42f08, 0x09f43000, 0x0a400000)
 Metaspace       used 5830K, capacity 6018K, committed 6144K, reserved 6528K
Event: 12.975 GC heap after
Heap after GC invocations=12 (full 0):
 def new generation   total 4928K, used 413K [0x04400000, 0x04950000, 0x09950000)
  eden space 4416K,   0% used [0x04400000, 0x04400000, 0x04850000)
  from space 512K,  80% used [0x04850000, 0x048b7508, 0x048d0000)
  to   space 512K,   0% used [0x048d0000, 0x048d0000, 0x04950000)
 tenured generation   total 10944K, used 6208K [0x09950000, 0x0a400000, 0x14400000)
   the space 10944K,  56% used [0x09950000, 0x09f601b8, 0x09f60200, 0x0a400000)
 Metaspace       used 5830K, capacity 6018K, committed 6144K, reserved 6528K
}
Event: 14.843 GC heap before
{Heap before GC invocations=12 (full 0):
 def new generation   total 4928K, used 4829K [0x04400000, 0x04950000, 0x09950000)
  eden space 4416K, 100% used [0x04400000, 0x04850000, 0x04850000)
  from space 512K,  80% used [0x04850000, 0x048b7508, 0x048d0000)
  to   space 512K,   0% used [0x048d0000, 0x048d0000, 0x04950000)
 tenured generation   total 10944K, used 6208K [0x09950000, 0x0a400000, 0x14400000)
   the space 10944K,  56% used [0x09950000, 0x09f601b8, 0x09f60200, 0x0a400000)
 Metaspace       used 5854K, capacity 6050K, committed 6144K, reserved 6528K
Event: 14.845 GC heap after
Heap after GC invocations=13 (full 0):
 def new generation   total 4928K, used 57K [0x04400000, 0x04950000, 0x09950000)
  eden space 4416K,   0% used [0x04400000, 0x04400000, 0x04850000)
  from space 512K,  11% used [0x048d0000, 0x048de7a0, 0x04950000)
  to   space 512K,   0% used [0x04850000, 0x04850000, 0x048d0000)
 tenured generation   total 10944K, used 6338K [0x09950000, 0x0a400000, 0x14400000)
   the space 10944K,  57% used [0x09950000, 0x09f80ae0, 0x09f80c00, 0x0a400000)
 Metaspace       used 5854K, capacity 6050K, committed 6144K, reserved 6528K
}
Event: 15.407 GC heap before
{Heap before GC invocations=13 (full 0):
 def new generation   total 4928K, used 4473K [0x04400000, 0x04950000, 0x09950000)
  eden space 4416K, 100% used [0x04400000, 0x04850000, 0x04850000)
  from space 512K,  11% used [0x048d0000, 0x048de7a0, 0x04950000)
  to   space 512K,   0% used [0x04850000, 0x04850000, 0x048d0000)
 tenured generation   total 10944K, used 6338K [0x09950000, 0x0a400000, 0x14400000)
   the space 10944K,  57% used [0x09950000, 0x09f80ae0, 0x09f80c00, 0x0a400000)
 Metaspace       used 5854K, capacity 6050K, committed 6144K, reserved 6528K
Event: 15.408 GC heap after
Heap after GC invocations=14 (full 0):
 def new generation   total 4928K, used 60K [0x04400000, 0x04950000, 0x09950000)
  eden space 4416K,   0% used [0x04400000, 0x04400000, 0x04850000)
  from space 512K,  11% used [0x04850000, 0x0485f278, 0x048d0000)
  to   space 512K,   0% used [0x048d0000, 0x048d0000, 0x04950000)
 tenured generation   total 10944K, used 6338K [0x09950000, 0x0a400000, 0x14400000)
   the space 10944K,  57% used [0x09950000, 0x09f80ae0, 0x09f80c00, 0x0a400000)
 Metaspace       used 5854K, capacity 6050K, committed 6144K, reserved 6528K
}
Event: 16.136 GC heap before
{Heap before GC invocations=14 (full 0):
 def new generation   total 4928K, used 4476K [0x04400000, 0x04950000, 0x09950000)
  eden space 4416K, 100% used [0x04400000, 0x04850000, 0x04850000)
  from space 512K,  11% used [0x04850000, 0x0485f278, 0x048d0000)
  to   space 512K,   0% used [0x048d0000, 0x048d0000, 0x04950000)
 tenured generation   total 10944K, used 6338K [0x09950000, 0x0a400000, 0x14400000)
   the space 10944K,  57% used [0x09950000, 0x09f80ae0, 0x09f80c00, 0x0a400000)
 Metaspace       used 5854K, capacity 6050K, committed 6144K, reserved 6528K
Event: 16.138 GC heap after
Heap after GC invocations=15 (full 0):
 def new generation   total 4928K, used 30K [0x04400000, 0x04950000, 0x09950000)
  eden space 4416K,   0% used [0x04400000, 0x04400000, 0x04850000)
  from space 512K,   5% used [0x048d0000, 0x048d7a98, 0x04950000)
  to   space 512K,   0% used [0x04850000, 0x04850000, 0x048d0000)
 tenured generation   total 10944K, used 6338K [0x09950000, 0x0a400000, 0x14400000)
   the space 10944K,  57% used [0x09950000, 0x09f80ae0, 0x09f80c00, 0x0a400000)
 Metaspace       used 5854K, capacity 6050K, committed 6144K, reserved 6528K
}

